<?xml version="1.0" encoding="UTF-8"?>
<testsuite name="com.pakius.CRUDTest" time="7.805" tests="5" errors="4" skipped="0" failures="0">
  <properties>
    <property name="idea.version" value="15.0.1"/>
    <property name="java.runtime.name" value="Java(TM) SE Runtime Environment"/>
    <property name="sun.boot.library.path" value="C:\Program Files\Java\jdk1.8.0_65\jre\bin"/>
    <property name="java.vm.version" value="25.65-b01"/>
    <property name="java.vm.vendor" value="Oracle Corporation"/>
    <property name="java.vendor.url" value="http://java.oracle.com/"/>
    <property name="path.separator" value=";"/>
    <property name="guice.disable.misplaced.annotation.check" value="true"/>
    <property name="java.vm.name" value="Java HotSpot(TM) 64-Bit Server VM"/>
    <property name="file.encoding.pkg" value="sun.io"/>
    <property name="idea.launcher.port" value="7535"/>
    <property name="user.script" value=""/>
    <property name="user.country" value="GB"/>
    <property name="sun.java.launcher" value="SUN_STANDARD"/>
    <property name="sun.os.patch.level" value=""/>
    <property name="java.vm.specification.name" value="Java Virtual Machine Specification"/>
    <property name="user.dir" value="C:\Users\FBecer01\git\springboot-hazelcast-mongodb"/>
    <property name="java.runtime.version" value="1.8.0_65-b17"/>
    <property name="java.awt.graphicsenv" value="sun.awt.Win32GraphicsEnvironment"/>
    <property name="java.endorsed.dirs" value="C:\Program Files\Java\jdk1.8.0_65\jre\lib\endorsed"/>
    <property name="os.arch" value="amd64"/>
    <property name="java.io.tmpdir" value="C:\Users\FBecer01\AppData\Local\Temp\"/>
    <property name="line.separator" value="&#10;"/>
    <property name="java.vm.specification.vendor" value="Oracle Corporation"/>
    <property name="user.variant" value=""/>
    <property name="os.name" value="Windows 8.1"/>
    <property name="classworlds.conf" value="C:\Program Files (x86)\JetBrains\IntelliJ IDEA Community Edition 15.0.1\plugins\maven\lib\maven3\bin\m2.conf"/>
    <property name="sun.jnu.encoding" value="Cp1252"/>
    <property name="java.library.path" value="C:\Program Files\Java\jdk1.8.0_65\bin;C:\WINDOWS\Sun\Java\bin;C:\WINDOWS\system32;C:\WINDOWS;C:\WINDOWS\system32;C:\WINDOWS;C:\WINDOWS\System32\Wbem;C:\WINDOWS\System32\WindowsPowerShell\v1.0\;C:\Program Files (x86)\QuickTime\QTSystem\;C:\Program Files\Java\jdk1.8.0_65/bin;C:\Users\FBecer01\apache-maven-3.3.9/bin;C:\Users\FBecer01\apache-activemq-5.10.0/bin;C:\Users\FBecer01\gradle-2.9/bin;C:\Users\FBecer01\dataflow-p2-site-master;6.5.3.147;C:\Users\FBecer01\git\dadlproperties\scrubber-json\dev;C:\Program Files\Java\jdk1.8.0_65/bin;C:\HashiCorp\Vagrant\bin;C:\Users\FBecer01\tomcat/bin;C:\ProgramData\Oracle\Java\javapath;C:\WINDOWS\system32;C:\WINDOWS;C:\WINDOWS\System32\Wbem;C:\WINDOWS\System32\WindowsPowerShell\v1.0\;C:\Program Files (x86)\QuickTime\QTSystem\;C:\Program Files\Docker Toolbox;."/>
    <property name="java.specification.name" value="Java Platform API Specification"/>
    <property name="java.class.version" value="52.0"/>
    <property name="sun.management.compiler" value="HotSpot 64-Bit Tiered Compilers"/>
    <property name="os.version" value="6.3"/>
    <property name="user.home" value="C:\Users\FBecer01"/>
    <property name="user.timezone" value="Europe/London"/>
    <property name="java.awt.printerjob" value="sun.awt.windows.WPrinterJob"/>
    <property name="java.specification.version" value="1.8"/>
    <property name="idea.launcher.bin.path" value="C:\Program Files (x86)\JetBrains\IntelliJ IDEA Community Edition 15.0.1\bin"/>
    <property name="file.encoding" value="UTF-8"/>
    <property name="user.name" value="FBecer01"/>
    <property name="java.class.path" value="C:\Program Files (x86)\JetBrains\IntelliJ IDEA Community Edition 15.0.1\plugins\maven\lib\maven3\boot\plexus-classworlds-2.4.jar;C:\Program Files (x86)\JetBrains\IntelliJ IDEA Community Edition 15.0.1\lib\idea_rt.jar"/>
    <property name="java.vm.specification.version" value="1.8"/>
    <property name="sun.arch.data.model" value="64"/>
    <property name="java.home" value="C:\Program Files\Java\jdk1.8.0_65\jre"/>
    <property name="sun.java.command" value="com.intellij.rt.execution.application.AppMain org.codehaus.classworlds.Launcher -Didea.version=15.0.1 install"/>
    <property name="java.specification.vendor" value="Oracle Corporation"/>
    <property name="user.language" value="en"/>
    <property name="awt.toolkit" value="sun.awt.windows.WToolkit"/>
    <property name="java.vm.info" value="mixed mode"/>
    <property name="java.version" value="1.8.0_65"/>
    <property name="java.ext.dirs" value="C:\Program Files\Java\jdk1.8.0_65\jre\lib\ext;C:\WINDOWS\Sun\Java\lib\ext"/>
    <property name="sun.boot.class.path" value="C:\Program Files\Java\jdk1.8.0_65\jre\lib\resources.jar;C:\Program Files\Java\jdk1.8.0_65\jre\lib\rt.jar;C:\Program Files\Java\jdk1.8.0_65\jre\lib\sunrsasign.jar;C:\Program Files\Java\jdk1.8.0_65\jre\lib\jsse.jar;C:\Program Files\Java\jdk1.8.0_65\jre\lib\jce.jar;C:\Program Files\Java\jdk1.8.0_65\jre\lib\charsets.jar;C:\Program Files\Java\jdk1.8.0_65\jre\lib\jfr.jar;C:\Program Files\Java\jdk1.8.0_65\jre\classes"/>
    <property name="java.vendor" value="Oracle Corporation"/>
    <property name="maven.home" value="C:\Program Files (x86)\JetBrains\IntelliJ IDEA Community Edition 15.0.1\plugins\maven\lib\maven3"/>
    <property name="file.separator" value="\"/>
    <property name="java.vendor.url.bug" value="http://bugreport.sun.com/bugreport/"/>
    <property name="sun.cpu.endian" value="little"/>
    <property name="sun.io.unicode.encoding" value="UnicodeLittle"/>
    <property name="sun.desktop" value="windows"/>
    <property name="sun.cpu.isalist" value="amd64"/>
  </properties>
  <testcase name="test1CreatePerson" classname="com.pakius.CRUDTest" time="7.715"/>
  <testcase name="test2LoadPerson" classname="com.pakius.CRUDTest" time="0.018">
    <error message="For input string: &quot;8080267073226357266&quot;" type="java.lang.NumberFormatException"><![CDATA[java.lang.NumberFormatException: For input string: "8080267073226357266"
	at java.lang.NumberFormatException.forInputString(NumberFormatException.java:65)
	at java.lang.Integer.parseInt(Integer.java:583)
	at java.lang.Integer.parseInt(Integer.java:615)
	at org.springframework.web.util.UriComponentsBuilder.fromUriString(UriComponentsBuilder.java:195)
	at org.springframework.web.util.UriTemplate.<init>(UriTemplate.java:69)
	at org.springframework.web.client.RestTemplate.execute(RestTemplate.java:511)
	at org.springframework.web.client.RestTemplate.getForEntity(RestTemplate.java:268)
	at com.pakius.CRUDTest.test2LoadPerson(CRUDTest.java:54)
]]></error>
  </testcase>
  <testcase name="test3UpdatePerson" classname="com.pakius.CRUDTest" time="0">
    <error message="For input string: &quot;8080267073226357266&quot;" type="java.lang.NumberFormatException"><![CDATA[java.lang.NumberFormatException: For input string: "8080267073226357266"
	at java.lang.NumberFormatException.forInputString(NumberFormatException.java:65)
	at java.lang.Integer.parseInt(Integer.java:583)
	at java.lang.Integer.parseInt(Integer.java:615)
	at org.springframework.web.util.UriComponentsBuilder.fromUriString(UriComponentsBuilder.java:195)
	at org.springframework.web.util.UriTemplate.<init>(UriTemplate.java:69)
	at org.springframework.web.client.RestTemplate.execute(RestTemplate.java:511)
	at org.springframework.web.client.RestTemplate.getForEntity(RestTemplate.java:268)
	at com.pakius.CRUDTest.test3UpdatePerson(CRUDTest.java:67)
]]></error>
  </testcase>
  <testcase name="test4Predicate" classname="com.pakius.CRUDTest" time="0.069">
    <error type="java.lang.NullPointerException:">java.lang.NullPointerException: null
	at com.pakius.CRUDTest.test4Predicate(CRUDTest.java:89)
</error>
  </testcase>
  <testcase name="test5DeletePerson" classname="com.pakius.CRUDTest" time="0.003">
    <error message="For input string: &quot;8080267073226357266&quot;" type="java.lang.NumberFormatException"><![CDATA[java.lang.NumberFormatException: For input string: "8080267073226357266"
	at java.lang.NumberFormatException.forInputString(NumberFormatException.java:65)
	at java.lang.Integer.parseInt(Integer.java:583)
	at java.lang.Integer.parseInt(Integer.java:615)
	at org.springframework.web.util.UriComponentsBuilder.fromUriString(UriComponentsBuilder.java:195)
	at org.springframework.web.util.UriTemplate.<init>(UriTemplate.java:69)
	at org.springframework.web.client.RestTemplate.execute(RestTemplate.java:511)
	at org.springframework.web.client.RestTemplate.delete(RestTemplate.java:408)
	at com.pakius.CRUDTest.test5DeletePerson(CRUDTest.java:100)
]]></error>
  </testcase>
</testsuite>